make all --print-data-base --no-builtin-variables --no-builtin-rules --question
# GNU Make 4.2.1
# Built for x86_64-pc-linux-gnu
# Copyright (C) 1988-2016 Free Software Foundation, Inc.
# License GPLv3+: GNU GPL version 3 or later <http://gnu.org/licenses/gpl.html>
# This is free software: you are free to change and redistribute it.
# There is NO WARRANTY, to the extent permitted by law.
 

# Make data base, printed on Thu Apr 14 14:38:32 2022

# Variables

# 'override' directive
GNUMAKEFLAGS := 
# automatic
<D = $(patsubst %/,%,$(dir $<))
# automatic
?F = $(notdir $?)
# environment
PAPERSIZE = letter
# environment
DESKTOP_SESSION = ubuntu
# default
.SHELLFLAGS := -c
# makefile (from 'Makefile', line 2)
INCDIR = include
# environment
XDG_SESSION_CLASS = user
# environment
SNAP_COMMON = /var/snap/code/common
# environment
XDG_SESSION_TYPE = x11
# environment
VSCODE_LOG_NATIVE = false
# automatic
?D = $(patsubst %/,%,$(dir $?))
# environment
IM_CONFIG_PHASE = 1
# automatic
@D = $(patsubst %/,%,$(dir $@))
# environment
XAUTHORITY = /run/user/1000/gdm/Xauthority
# environment
GDMSESSION = ubuntu
# environment
XMODIFIERS = @im=ibus
# makefile
CURDIR := /media/Win_drive/Users/diego/Documents/Materias UNISON/Estructuras de Datos/Examen02_Estructuras
# makefile
SHELL = /bin/sh
# environment
SNAP_DATA = /var/snap/code/94
# environment
VSCODE_NLS_CONFIG = {"locale":"en-us","availableLanguages":{},"_languagePackSupport":true}
# environment
JOURNAL_STREAM = 8:164445
# makefile (from 'Makefile', line 13)
CFLAGS = -std=c18 -Wall -Wpedantic -Werror -Wextra -I$(INCDIR)/
# environment
XDG_CONFIG_DIRS = /etc/xdg/xdg-ubuntu:/etc/xdg
# environment
SNAP_INSTANCE_NAME = code
# environment
SNAP_ARCH = amd64
# makefile (from 'Makefile', line 1)
MAKEFILE_LIST :=  Makefile
# automatic
@F = $(notdir $@)
# makefile (from 'Makefile', line 3)
TESTDIR = test
# environment
GIO_LAUNCHED_DESKTOP_FILE = /var/lib/snapd/desktop/applications/code_code.desktop
# environment
USERNAME = diego
# environment
MAKELEVEL := 0
# environment
MANDATORY_PATH = /usr/share/gconf/ubuntu.mandatory.path
# environment
XDG_DATA_DIRS = /usr/share/ubuntu:/usr/local/share/:/usr/share/:/var/lib/snapd/desktop
# environment
DBUS_SESSION_BUS_ADDRESS = unix:path=/run/user/1000/bus
# environment
VSCODE_VERBOSE_LOGGING = true
# environment
_ = /snap/code/94/usr/share/code/code
# environment
MANAGERPID = 26351
# environment
LESSOPEN = | /usr/bin/lesspipe %s
# environment
LC_NAME = es_MX.UTF-8
# environment
VSCODE_CWD = /home/diego
# environment
GSETTINGS_SCHEMA_DIR = /snap/code/94/usr/share/glib-2.0/schemas
# default
MAKE_HOST := x86_64-pc-linux-gnu
# environment
PATH = /home/diego/anaconda3/bin:/home/diego/anaconda3/condabin:/home/diego/.cargo/bin:/usr/local/sbin:/usr/local/bin:/usr/sbin:/usr/bin:/sbin:/bin:/usr/games:/usr/local/games:/snap/bin
# environment
GPG_AGENT_INFO = /run/user/1000/gnupg/S.gpg-agent:0:1
# environment
SESSION_MANAGER = local/diego-Nitro-AN515-53:@/tmp/.ICE-unix/26625,unix/diego-Nitro-AN515-53:/tmp/.ICE-unix/26625
# environment
XDG_RUNTIME_DIR = /run/user/1000
# environment
GDK_PIXBUF_MODULE_FILE = /home/diego/snap/code/common/.cache/gdk-pixbuf-loaders.cache
# environment
SNAP = /snap/code/94
# environment
SNAP_VERSION = dfd34e82
# environment
CONDA_PREFIX = /home/diego/anaconda3
# makefile (from 'Makefile', line 5)
TESTFLAGS = -g3 -O0 -fsanitize=address -fsanitize=undefined -fno-sanitize-recover=all -fsanitize=float-divide-by-zero -fsanitize=float-cast-overflow
# environment
XDG_MENU_PREFIX = gnome-
# environment
VSCODE_LOG_STACK = false
# environment
DISABLE_WAYLAND = 1
# environment
ELECTRON_RUN_AS_NODE = 1
# environment
INVOCATION_ID = ddde506bb3094c228e7ac4e399bfc8dc
# environment
GDK_PIXBUF_MODULEDIR = /snap/code/94/usr/lib/x86_64-linux-gnu/gdk-pixbuf-2.0/2.10.0/loaders
# default
.FEATURES := target-specific order-only second-expansion else-if shortest-stem undefine oneshell archives jobserver output-sync check-symlink load
# environment
LS_COLORS = 
# environment
XDG_SESSION_DESKTOP = ubuntu
# environment
SSH_AUTH_SOCK = /run/user/1000/keyring/ssh
# environment
GIO_LAUNCHED_DESKTOP_FILE_PID = 29942
# automatic
%F = $(notdir $%)
# environment
DISPLAY = :1
# environment
CONDA_EXE = /home/diego/anaconda3/bin/conda
# makefile (from 'Makefile', line 1)
SRCDIR = src
# environment
VSCODE_PIPE_LOGGING = true
# environment
SNAP_INSTANCE_KEY = 
# environment
PWD = /media/Win_drive/Users/diego/Documents/Materias UNISON/Estructuras de Datos/Examen02_Estructuras
# default
.LOADED := 
# environment
SSH_AGENT_PID = 26591
# environment
ORIGINAL_XDG_CURRENT_DESKTOP = ubuntu:GNOME
# environment
GTK_MODULES = gail:atk-bridge
# environment
VSCODE_AMD_ENTRYPOINT = vs/workbench/api/node/extensionHostProcess
# environment
HOME = /home/diego
# environment
LESSCLOSE = /usr/bin/lesspipe %s %s
# environment
VSCODE_CLI = 1
# environment
VSCODE_CODE_CACHE_PATH = /home/diego/.config/Code/CachedData/dfd34e8260c270da74b5c2d86d61aee4b6d56977
# environment
LOGNAME = diego
# environment
APPLICATION_INSIGHTS_NO_DIAGNOSTIC_CHANNEL = 1
# environment
SNAP_LIBRARY_PATH = /var/lib/snapd/lib/gl:/var/lib/snapd/lib/gl32:/var/lib/snapd/void
# environment
SNAP_CONTEXT = 1e3jWA4qHO_bAB3zuLipIGW1VsqGaUscKCt1AkLE2Gw98WNZ5ZYr
# environment
CONDA_PROMPT_MODIFIER = (base) 
# automatic
+F = $(notdir $+)
# environment
ELECTRON_NO_ATTACH_CONSOLE = 1
# environment
SNAP_USER_COMMON = /home/diego/snap/code/common
# environment
VSCODE_HANDLES_UNCAUGHT_ERRORS = true
# environment
GNOME_DESKTOP_SESSION_ID = this-is-deprecated
# automatic
^D = $(patsubst %/,%,$(dir $^))
# environment
LC_TIME = es_MX.UTF-8
# environment
SNAP_REAL_HOME = /home/diego
# environment
CONDA_DEFAULT_ENV = base
# default
MAKE = $(MAKE_COMMAND)
# default
MAKECMDGOALS := all
# environment
QT_IM_MODULE = ibus
# environment
SNAP_USER_DATA = /home/diego/snap/code/94
# environment
SHLVL = 0
# makefile (from 'Makefile', line 12)
CC = gcc
# environment
GNOME_SHELL_SESSION_MODE = ubuntu
# environment
VSCODE_IPC_HOOK_EXTHOST = /run/user/1000/vscode-ipc-d56d1e4f-bf4f-4e7a-8428-bcb105a17a69.sock
# default
MAKE_VERSION := 4.2.1
# environment
USER = diego
# environment
SNAP_REVISION = 94
# environment
LC_MONETARY = es_MX.UTF-8
# makefile
.DEFAULT_GOAL := all
# environment
XDG_CURRENT_DESKTOP = Unity
# automatic
%D = $(patsubst %/,%,$(dir $%))
# environment
LC_TELEPHONE = es_MX.UTF-8
# environment
CONDA_SHLVL = 1
# default
MAKE_COMMAND := make
# default
.VARIABLES := 
# automatic
*F = $(notdir $*)
# environment
LANGUAGE = en
# environment
VSCODE_IPC_HOOK = /run/user/1000/vscode-37082df1-1.66.2-main.sock
# environment
BAMF_DESKTOP_FILE_HINT = /var/lib/snapd/desktop/applications/code_code.desktop
# makefile
MAKEFLAGS = pqrR
# environment
MFLAGS = -pqrR
# automatic
*D = $(patsubst %/,%,$(dir $*))
# automatic
+D = $(patsubst %/,%,$(dir $+))
 
# environment
GDK_BACKEND = x11
# environment
LC_PAPER = es_MX.UTF-8
# environment
LC_IDENTIFICATION = es_MX.UTF-8
# environment
QT_ACCESSIBILITY = 1
# environment
DEFAULTS_PATH = /usr/share/gconf/ubuntu.default.path
# default
MAKEFILES := 
# environment
SNAP_COOKIE = 1e3jWA4qHO_bAB3zuLipIGW1VsqGaUscKCt1AkLE2Gw98WNZ5ZYr
# environment
LC_NUMERIC = es_MX.UTF-8
# automatic
<F = $(notdir $<)
# environment
LC_MEASUREMENT = es_MX.UTF-8
# environment
SNAP_NAME = code
# environment
LC_ALL = C
# environment
CONDA_PYTHON_EXE = /home/diego/anaconda3/bin/python
# environment
GJS_DEBUG_TOPICS = JS ERROR;JS LOG
# automatic
^F = $(notdir $^)
# default
SUFFIXES := 
# environment
SNAP_REEXEC = 
# environment
_CE_M = 
# environment
CHROME_DESKTOP = code-url-handler.desktop
# environment
WINDOWPATH = 2
# default
.INCLUDE_DIRS = /usr/include /usr/local/include /usr/include
# environment
GJS_DEBUG_OUTPUT = stderr
# default
.RECIPEPREFIX := 
# environment
LC_ADDRESS = es_MX.UTF-8
# environment
LANG = C
# environment
VSCODE_PID = 29991
# environment
_CE_CONDA = 
# variable set hash-table stats:
# Load=147/1024=14%, Rehash=0, Collisions=45/189=24%

# Pattern-specific Variable Values

# No pattern-specific variable values.

# Directories

# . (device 66307, inode 590612): 11 files, no impossibilities.
# src (device 66307, inode 592413): 3 files, no impossibilities so far.

# 14 files, no impossibilities in 2 directories.

# Implicit Rules

src/%.o: src/%.c
#  recipe to execute (from 'Makefile', line 29):
	@echo "Compilando $<"
	@$(CC) $(CFLAGS) $(TESTFLAGS) -c -o $@ $<

# 1 implicit rules, 0 (0.0%) terminal.

# Files

src/imp.o: src/imp.c include/imp.h
#  Implicit rule search has been done.
#  Implicit/static pattern stem: 'imp'
#  Last modified 2022-04-14 14:37:48.7063332
#  File has been updated.
#  Successfully updated.
#  recipe to execute (from 'Makefile', line 29):
	@echo "Compilando $<"
	@$(CC) $(CFLAGS) $(TESTFLAGS) -c -o $@ $<

all: test-imp
#  Command line target.
#  Implicit rule search has been done.
#  File does not exist.
#  File has been updated.
#  Needs to be updated (-q is set).
# variable set hash-table stats:
# Load=0/32=0%, Rehash=0, Collisions=0/3=0%

# Not a target:
src/mem.c:
#  Implicit rule search has been done.
#  Last modified 2022-04-14 13:38:41.4456704
#  File has been updated.
#  Successfully updated.

# Not a target:
.SUFFIXES:
#  Implicit rule search has not been done.
#  Modification time never checked.
#  File has not been updated.

# Not a target:
test/imp.c:
#  Implicit rule search has been done.
#  Last modified 2022-04-14 13:34:59.0560944
#  File has been updated.
#  Successfully updated.

# Not a target:
Makefile:
#  Implicit rule search has been done.
#  Last modified 2022-04-14 14:37:43.9458492
#  File has been updated.
#  Successfully updated.

build: test/imp.c src/imp.o src/mem.o
#  Implicit rule search has not been done.
#  Modification time never checked.
#  File has not been updated.
#  recipe to execute (from 'Makefile', line 25):
	@echo "Compilando casos de prueba de lenguaje IMP"
	@$(CC) $(CFLAGS) -g3 -O0 -fsanitize=address -fsanitize=undefined $(TESTDIR)/imp.c $(SRCDIR)/imp.o $(SRCDIR)/mem.o -o $(TESTDIR)/imp.o

# Not a target:
include/imp.h:
#  Implicit rule search has been done.
#  Last modified 2022-04-07 01:45:07
#  File has been updated.
#  Successfully updated.

# Not a target:
src/imp.c:
#  Implicit rule search has been done.
#  Last modified 2022-04-07 01:45:07
#  File has been updated.
#  Successfully updated.

# Not a target:
.DEFAULT:
#  Implicit rule search has not been done.
#  Modification time never checked.
#  File has not been updated.

clean:
#  Implicit rule search has not been done.
#  Modification time never checked.
#  File has not been updated.
#  recipe to execute (from 'Makefile', line 40):
	@rm -rf test/*.o src/*.o

src/mem.o: src/mem.c
#  Implicit rule search has not been done.
#  Last modified 2022-04-14 14:37:48.7616842
#  File has been updated.
#  Successfully updated.
#  recipe to execute (from 'Makefile', line 36):
	@echo "Compilando $<"
	@$(CC) $(CFLAGS) $(TESTFLAGS) -c -o $@ $<

test/imp.o: test/imp.c src/imp.o src/mem.o
#  Implicit rule search has not been done.
#  Last modified 2022-04-14 14:38:23.3928446
#  File has been updated.
 
#  Successfully updated.
#  recipe to execute (from 'Makefile', line 21):
	@echo "Compilando casos de prueba de lenguaje IMP"
	@$(CC) $(CFLAGS) $(TESTFLAGS) -o $@ $^

test-imp: test/imp.o
#  Implicit rule search has not been done.
#  Implicit/static pattern stem: ''
#  File does not exist.
#  File has been updated.
#  Needs to be updated (-q is set).
# automatic
# @ := test-imp
# automatic
# % := 
# automatic
# * := 
# automatic
# + := test/imp.o
# automatic
# | := 
# automatic
# < := test/imp.o
# automatic
# ^ := test/imp.o
# automatic
# ? := test/imp.o
# variable set hash-table stats:
# Load=8/32=25%, Rehash=0, Collisions=1/12=8%
#  recipe to execute (from 'Makefile', line 18):
	@./$<

# files hash-table stats:
# Load=14/1024=1%, Rehash=0, Collisions=0/43=0%
# VPATH Search Paths

# No 'vpath' search paths.

# No general ('VPATH' variable) search path.

# strcache buffers: 1 (0) / strings = 30 / storage = 257 B / avg = 8 B
# current buf: size = 8162 B / used = 257 B / count = 30 / avg = 8 B

# strcache performance: lookups = 54 / hit rate = 44%
# hash-table stats:
# Load=30/8192=0%, Rehash=0, Collisions=2/54=4%
# Finished Make data base on Thu Apr 14 14:38:32 2022

 
